<?xml version="1.0" encoding="UTF-8"?>
<testsuite xmlns:xsi="http://www.w3.org/2001/XMLSchema-instance" xsi:noNamespaceSchemaLocation="https://maven.apache.org/surefire/maven-surefire-plugin/xsd/surefire-test-report-3.0.xsd" version="3.0" name="cucumberOptions.TestRunner" time="115.529" tests="4" errors="0" skipped="0" failures="1">
  <properties>
[...]
</properties>
  <testcase name="runScenario[&quot;Login with correct credentials&quot;, &quot;Login Page&quot;](1)" classname="cucumberOptions.TestRunner" time="25.168">
    <system-out><![CDATA[************Hooks constructor called************
************Setting driver instance in container************
**********Login constructor called**********
ˍˍˍˍˍˍˍˍelement search start----------
ˍˍˍˍˍˍˍˍelement search end----------
***********login page found*************
Application is Open at page DEMOQA
Element found
Element found
Element found
Username password entered
Element found
Alert Not Present
Homepage is displayed
Cards displayed
************Quit driver instance in container************
]]></system-out>
    <system-err><![CDATA[SLF4J(W): No SLF4J providers were found.
SLF4J(W): Defaulting to no-operation (NOP) logger implementation
SLF4J(W): See https://www.slf4j.org/codes.html#noProviders for further details.
Starting ChromeDriver 142.0.7444.59 (4b8153ab58d3c3f4c9f7e4baad9616ecf80db5fa-refs/branch-heads/7444_52@{#4}) on port 58380
Only local connections are allowed.
Please see https://chromedriver.chromium.org/security-considerations for suggestions on keeping ChromeDriver safe.
ChromeDriver was started successfully on port 58380.
Oct 31, 2025 1:41:59 PM org.openqa.selenium.remote.ProtocolHandshake createSession
INFO: Detected upstream dialect: W3C
Oct 31, 2025 1:41:59 PM org.openqa.selenium.devtools.CdpVersionFinder findNearestMatch
WARNING: Unable to find an exact match for CDP version 142, so returning the closest version found: a no-op implementation
Oct 31, 2025 1:41:59 PM org.openqa.selenium.devtools.CdpVersionFinder findNearestMatch
INFO: Unable to find CDP implementation matching 142.
Oct 31, 2025 1:41:59 PM org.openqa.selenium.chromium.ChromiumDriver lambda$new$3
WARNING: Unable to find version of CDP to use for . You may need to include a dependency on a specific version of the CDP using something similar to `org.seleniumhq.selenium:selenium-devtools-v86:4.4.0` where the version ("v86") matches the version of the chromium-based browser you're using and the version number of the artifact is the same as Selenium's.
Oct 31, 2025 1:42:21 PM org.openqa.selenium.remote.http.WebSocket$Listener onError
WARNING: Connection reset
java.net.SocketException: Connection reset
	at java.base/sun.nio.ch.SocketChannelImpl.throwConnectionReset(SocketChannelImpl.java:399)
	at java.base/sun.nio.ch.SocketChannelImpl.implRead(SocketChannelImpl.java:431)
	at java.base/sun.nio.ch.SocketChannelImpl.read(SocketChannelImpl.java:489)
	at io.netty.buffer.PooledByteBuf.setBytes(PooledByteBuf.java:258)
	at io.netty.buffer.AbstractByteBuf.writeBytes(AbstractByteBuf.java:1132)
	at io.netty.channel.socket.nio.NioSocketChannel.doReadBytes(NioSocketChannel.java:357)
	at io.netty.channel.nio.AbstractNioByteChannel$NioByteUnsafe.read(AbstractNioByteChannel.java:151)
	at io.netty.channel.nio.NioEventLoop.processSelectedKey(NioEventLoop.java:722)
	at io.netty.channel.nio.NioEventLoop.processSelectedKeysOptimized(NioEventLoop.java:658)
	at io.netty.channel.nio.NioEventLoop.processSelectedKeys(NioEventLoop.java:584)
	at io.netty.channel.nio.NioEventLoop.run(NioEventLoop.java:496)
	at io.netty.util.concurrent.SingleThreadEventExecutor$4.run(SingleThreadEventExecutor.java:997)
	at io.netty.util.internal.ThreadExecutorMap$2.run(ThreadExecutorMap.java:74)
	at io.netty.util.concurrent.FastThreadLocalRunnable.run(FastThreadLocalRunnable.java:30)
	at java.base/java.lang.Thread.run(Thread.java:1447)

]]></system-err>
  </testcase>
  <testcase name="runScenario[&quot;Login with correct credentials&quot;, &quot;Login Page&quot;](2)" classname="cucumberOptions.TestRunner" time="28.764">
    <system-out><![CDATA[************Hooks constructor called************
************Setting driver instance in container************
**********Login constructor called**********
ˍˍˍˍˍˍˍˍelement search start----------
ˍˍˍˍˍˍˍˍelement search end----------
***********login page found*************
Application is Open at page DEMOQA
Element found
Element found
Element found
Username password entered
Element found
Alert Not Present
Homepage is displayed
Cards displayed
************Quit driver instance in container************
]]></system-out>
    <system-err><![CDATA[Starting ChromeDriver 142.0.7444.59 (4b8153ab58d3c3f4c9f7e4baad9616ecf80db5fa-refs/branch-heads/7444_52@{#4}) on port 62276
Only local connections are allowed.
Please see https://chromedriver.chromium.org/security-considerations for suggestions on keeping ChromeDriver safe.
ChromeDriver was started successfully on port 62276.
Oct 31, 2025 1:42:22 PM org.openqa.selenium.remote.ProtocolHandshake createSession
INFO: Detected upstream dialect: W3C
Oct 31, 2025 1:42:22 PM org.openqa.selenium.devtools.CdpVersionFinder findNearestMatch
WARNING: Unable to find an exact match for CDP version 142, so returning the closest version found: a no-op implementation
Oct 31, 2025 1:42:22 PM org.openqa.selenium.devtools.CdpVersionFinder findNearestMatch
INFO: Unable to find CDP implementation matching 142.
Oct 31, 2025 1:42:22 PM org.openqa.selenium.chromium.ChromiumDriver lambda$new$3
WARNING: Unable to find version of CDP to use for . You may need to include a dependency on a specific version of the CDP using something similar to `org.seleniumhq.selenium:selenium-devtools-v86:4.4.0` where the version ("v86") matches the version of the chromium-based browser you're using and the version number of the artifact is the same as Selenium's.
]]></system-err>
  </testcase>
  <testcase name="runScenario[&quot;Login with wrong credentials&quot;, &quot;Login Page&quot;](3)" classname="cucumberOptions.TestRunner" time="28.908">
    <failure message="Expected condition failed: waiting for element to no longer be visible: By.id: login (tried for 10 second(s) with 10 milliseconds interval)&#10;Build info: version: &apos;4.4.0&apos;, revision: &apos;e5c75ed026a&apos;&#10;System info: host: &apos;bhupeshs-MacBook-Pro.local&apos;, ip: &apos;2401:4900:8855:7cdc:9853:4dd4:3f27:a048%en0&apos;, os.name: &apos;Mac OS X&apos;, os.arch: &apos;aarch64&apos;, os.version: &apos;26.0.1&apos;, java.version: &apos;24.0.2&apos;&#10;Driver info: org.openqa.selenium.chrome.ChromeDriver&#10;Capabilities {acceptInsecureCerts: false, browserName: chrome, browserVersion: 142.0.7444.60, chrome: {chromedriverVersion: 142.0.7444.59 (4b8153ab58d3..., userDataDir: /var/folders/g_/w61sp5k50x5...}, fedcm:accounts: true, goog:chromeOptions: {debuggerAddress: localhost:60129}, goog:processID: 8359, networkConnectionEnabled: false, pageLoadStrategy: normal, platformName: MAC, proxy: Proxy(), se:cdp: ws://localhost:60129/devtoo..., se:cdpVersion: 142.0.7444.60, setWindowRect: true, strictFileInteractability: false, timeouts: {implicit: 0, pageLoad: 300000, script: 30000}, unhandledPromptBehavior: dismiss and notify, webauthn:extension:credBlob: true, webauthn:extension:largeBlob: true, webauthn:extension:minPinLength: true, webauthn:extension:prf: true, webauthn:virtualAuthenticators: true}&#10;Session ID: ac5e43f48e40380b8cf8dae58879a12f" type="org.openqa.selenium.TimeoutException"><![CDATA[org.openqa.selenium.TimeoutException: 
Expected condition failed: waiting for element to no longer be visible: By.id: login (tried for 10 second(s) with 10 milliseconds interval)
Build info: version: '4.4.0', revision: 'e5c75ed026a'
System info: host: 'bhupeshs-MacBook-Pro.local', ip: '2401:4900:8855:7cdc:9853:4dd4:3f27:a048%en0', os.name: 'Mac OS X', os.arch: 'aarch64', os.version: '26.0.1', java.version: '24.0.2'
Driver info: org.openqa.selenium.chrome.ChromeDriver
Capabilities {acceptInsecureCerts: false, browserName: chrome, browserVersion: 142.0.7444.60, chrome: {chromedriverVersion: 142.0.7444.59 (4b8153ab58d3..., userDataDir: /var/folders/g_/w61sp5k50x5...}, fedcm:accounts: true, goog:chromeOptions: {debuggerAddress: localhost:60129}, goog:processID: 8359, networkConnectionEnabled: false, pageLoadStrategy: normal, platformName: MAC, proxy: Proxy(), se:cdp: ws://localhost:60129/devtoo..., se:cdpVersion: 142.0.7444.60, setWindowRect: true, strictFileInteractability: false, timeouts: {implicit: 0, pageLoad: 300000, script: 30000}, unhandledPromptBehavior: dismiss and notify, webauthn:extension:credBlob: true, webauthn:extension:largeBlob: true, webauthn:extension:minPinLength: true, webauthn:extension:prf: true, webauthn:virtualAuthenticators: true}
Session ID: ac5e43f48e40380b8cf8dae58879a12f
	at org.openqa.selenium.support.ui.WebDriverWait.timeoutException(WebDriverWait.java:87)
	at org.openqa.selenium.support.ui.FluentWait.until(FluentWait.java:231)
	at pom.PageBase.waitForElement(PageBase.java:54)
	at pom.LoginPage.clickLoginButton(LoginPage.java:71)
	at stepdefinitions.Login.clickLoginButton(Login.java:83)
	at stepdefinitions.Login.user_enter_username_pnd_password(Login.java:35)
	at ✽.User Enter Username = "testuser" And Password = "Password"(file:///Users/bhupeshjoshi/EclipseSelenium/allure/src/test/java/features/Login.feature:18)
]]></failure>
    <system-out><![CDATA[************Hooks constructor called************
************Setting driver instance in container************
**********Login constructor called**********
ˍˍˍˍˍˍˍˍelement search start----------
ˍˍˍˍˍˍˍˍelement search end----------
***********login page found*************
Application is Open at page DEMOQA
Element found
Element found
Element found
Username password entered
Element found
Alert Not Present
************Quit driver instance in container************
]]></system-out>
    <system-err><![CDATA[Starting ChromeDriver 142.0.7444.59 (4b8153ab58d3c3f4c9f7e4baad9616ecf80db5fa-refs/branch-heads/7444_52@{#4}) on port 64993
Only local connections are allowed.
Please see https://chromedriver.chromium.org/security-considerations for suggestions on keeping ChromeDriver safe.
ChromeDriver was started successfully on port 64993.
Oct 31, 2025 1:42:51 PM org.openqa.selenium.remote.ProtocolHandshake createSession
INFO: Detected upstream dialect: W3C
Oct 31, 2025 1:42:51 PM org.openqa.selenium.devtools.CdpVersionFinder findNearestMatch
WARNING: Unable to find an exact match for CDP version 142, so returning the closest version found: a no-op implementation
Oct 31, 2025 1:42:51 PM org.openqa.selenium.devtools.CdpVersionFinder findNearestMatch
INFO: Unable to find CDP implementation matching 142.
Oct 31, 2025 1:42:51 PM org.openqa.selenium.chromium.ChromiumDriver lambda$new$3
WARNING: Unable to find version of CDP to use for . You may need to include a dependency on a specific version of the CDP using something similar to `org.seleniumhq.selenium:selenium-devtools-v86:4.4.0` where the version ("v86") matches the version of the chromium-based browser you're using and the version number of the artifact is the same as Selenium's.
]]></system-err>
  </testcase>
  <testcase name="runScenario[&quot;Delete Table Row&quot;, &quot;Table Page test&quot;](4)" classname="cucumberOptions.TestRunner" time="31.967">
    <system-out><![CDATA[************Hooks constructor called************
************Setting driver instance in container************
**********Login constructor called**********
ˍˍˍˍˍˍˍˍelement search start----------
ˍˍˍˍˍˍˍˍelement search end----------
***********login page found*************
Application is Open at page DEMOQA
Element found
Element found
Element found
Username password entered
Element found
Alert Not Present
Element found
Element found
Element found
############Row count Before = 3
#############Row count AFter delete = 2
************Quit driver instance in container************
]]></system-out>
    <system-err><![CDATA[Starting ChromeDriver 142.0.7444.59 (4b8153ab58d3c3f4c9f7e4baad9616ecf80db5fa-refs/branch-heads/7444_52@{#4}) on port 61469
Only local connections are allowed.
Please see https://chromedriver.chromium.org/security-considerations for suggestions on keeping ChromeDriver safe.
ChromeDriver was started successfully on port 61469.
Oct 31, 2025 1:43:20 PM org.openqa.selenium.remote.ProtocolHandshake createSession
INFO: Detected upstream dialect: W3C
Oct 31, 2025 1:43:20 PM org.openqa.selenium.devtools.CdpVersionFinder findNearestMatch
WARNING: Unable to find an exact match for CDP version 142, so returning the closest version found: a no-op implementation
Oct 31, 2025 1:43:20 PM org.openqa.selenium.devtools.CdpVersionFinder findNearestMatch
INFO: Unable to find CDP implementation matching 142.
Oct 31, 2025 1:43:20 PM org.openqa.selenium.chromium.ChromiumDriver lambda$new$3
WARNING: Unable to find version of CDP to use for . You may need to include a dependency on a specific version of the CDP using something similar to `org.seleniumhq.selenium:selenium-devtools-v86:4.4.0` where the version ("v86") matches the version of the chromium-based browser you're using and the version number of the artifact is the same as Selenium's.
]]></system-err>
  </testcase>
</testsuite>